0 info it worked if it ends with ok
1 verbose cli [ 'D:\\Program Files\\nodejs\\node.exe',
1 verbose cli   'D:\\Program Files\\nodejs\\node_modules\\npm\\bin\\npm-cli.js',
1 verbose cli   'run',
1 verbose cli   'install',
1 verbose cli   '--scripts-prepend-node-path=auto' ]
2 info using npm@3.10.10
3 info using node@v6.11.3
4 verbose run-script [ 'preinstall', 'install', 'postinstall' ]
5 info lifecycle ygospc@1.0.0~preinstall: ygospc@1.0.0
6 silly lifecycle ygospc@1.0.0~preinstall: no script for preinstall, continuing
7 info lifecycle ygospc@1.0.0~install: ygospc@1.0.0
8 verbose lifecycle ygospc@1.0.0~install: unsafe-perm in lifecycle true
9 verbose lifecycle ygospc@1.0.0~install: PATH: D:\Program Files\nodejs\node_modules\npm\bin\node-gyp-bin;D:\workspace\repository\spcygo\src\main\webapp\WEB-INF\node_modules\.bin;D:\Program Files\nodejs;D:\Program Files\JAVA\JDK\jdk1.8.0_131\bin;D:\Program Files\JAVA\JDK\jdk1.8.0_131\jre\bin;C:\ProgramData\Oracle\Java\javapath;C:\Program Files (x86)\Intel\iCLS Client\;C:\Program Files\Intel\iCLS Client\;C:\Windows\system32;C:\Windows;C:\Windows\System32\Wbem;C:\Windows\System32\WindowsPowerShell\v1.0\;C:\Program Files (x86)\NVIDIA Corporation\PhysX\Common;C:\Program Files (x86)\Intel\Intel(R) Management Engine Components\DAL;C:\Program Files\Intel\Intel(R) Management Engine Components\DAL;C:\Program Files (x86)\Intel\Intel(R) Management Engine Components\IPT;C:\Program Files\Intel\Intel(R) Management Engine Components\IPT;.;C:\Users\user\AppData\Local\GitHubDesktop\bin;D:\Program Files\GitHubDesktop\bin
10 verbose lifecycle ygospc@1.0.0~install: CWD: D:\workspace\repository\spcygo\src\main\webapp\WEB-INF
11 silly lifecycle ygospc@1.0.0~install: Args: [ '/d /s /c', 'npm install' ]
12 silly lifecycle ygospc@1.0.0~install: Returned: code: 1  signal: null
13 info lifecycle ygospc@1.0.0~install: Failed to exec install script
14 verbose stack Error: ygospc@1.0.0 install: `npm install`
14 verbose stack Exit status 1
14 verbose stack     at EventEmitter.<anonymous> (D:\Program Files\nodejs\node_modules\npm\lib\utils\lifecycle.js:255:16)
14 verbose stack     at emitTwo (events.js:106:13)
14 verbose stack     at EventEmitter.emit (events.js:191:7)
14 verbose stack     at ChildProcess.<anonymous> (D:\Program Files\nodejs\node_modules\npm\lib\utils\spawn.js:40:14)
14 verbose stack     at emitTwo (events.js:106:13)
14 verbose stack     at ChildProcess.emit (events.js:191:7)
14 verbose stack     at maybeClose (internal/child_process.js:920:16)
14 verbose stack     at Process.ChildProcess._handle.onexit (internal/child_process.js:230:5)
15 verbose pkgid ygospc@1.0.0
16 verbose cwd D:\workspace\repository\spcygo\src\main\webapp\WEB-INF
17 error Windows_NT 10.0.10586
18 error argv "D:\\Program Files\\nodejs\\node.exe" "D:\\Program Files\\nodejs\\node_modules\\npm\\bin\\npm-cli.js" "run" "install" "--scripts-prepend-node-path=auto"
19 error node v6.11.3
20 error npm  v3.10.10
21 error code ELIFECYCLE
22 error ygospc@1.0.0 install: `npm install`
22 error Exit status 1
23 error Failed at the ygospc@1.0.0 install script 'npm install'.
23 error Make sure you have the latest version of node.js and npm installed.
23 error If you do, this is most likely a problem with the ygospc package,
23 error not with npm itself.
23 error Tell the author that this fails on your system:
23 error     npm install
23 error You can get information on how to open an issue for this project with:
23 error     npm bugs ygospc
23 error Or if that isn't available, you can get their info via:
23 error     npm owner ls ygospc
23 error There is likely additional logging output above.
24 verbose exit [ 1, true ]
